<?xml version="1.0" encoding="UTF-8"?>
<testsuite xmlns:xsi="http://www.w3.org/2001/XMLSchema-instance" xsi:noNamespaceSchemaLocation="https://maven.apache.org/surefire/maven-surefire-plugin/xsd/surefire-test-report-3.0.xsd" version="3.0" name="cucumber.WeatherRunnerTest" time="19.121" tests="1" errors="0" skipped="0" failures="0">
  <properties>
[...]
</properties>
  <testcase name="Test the weather API for given city" classname="Test Weather Example from OpenWeatherMap" time="5.316">
    <system-out><![CDATA[Before First Step of Each Scenario
Total Row num is 3
This is giving inputs step
This is the Execution of API step
{
    "coord": {
        "lon": -104.9847,
        "lat": 39.7392
    },
    "weather": [
        {
            "id": 801,
            "main": "Clouds",
            "description": "few clouds",
            "icon": "02n"
        }
    ],
    "base": "stations",
    "main": {
        "temp": 289.36,
        "feels_like": 288.73,
        "temp_min": 286.19,
        "temp_max": 290.79,
        "pressure": 1016,
        "humidity": 65
    },
    "visibility": 10000,
    "wind": {
        "speed": 1.34,
        "deg": 31
    },
    "clouds": {
        "all": 11
    },
    "dt": 1687675272,
    "sys": {
        "type": 2,
        "id": 2004334,
        "country": "US",
        "sunrise": 1687692787,
        "sunset": 1687746710
    },
    "timezone": -21600,
    "id": 5419384,
    "name": "Denver",
    "cod": 200
}
{
    "coord": {
        "lon": 80.2785,
        "lat": 13.0878
    },
    "weather": [
        {
            "id": 802,
            "main": "Clouds",
            "description": "scattered clouds",
            "icon": "03d"
        }
    ],
    "base": "stations",
    "main": {
        "temp": 306.46,
        "feels_like": 313.46,
        "temp_min": 306.14,
        "temp_max": 306.46,
        "pressure": 1009,
        "humidity": 63
    },
    "visibility": 6000,
    "wind": {
        "speed": 5.14,
        "deg": 270
    },
    "clouds": {
        "all": 40
    },
    "dt": 1687674711,
    "sys": {
        "type": 2,
        "id": 2012809,
        "country": "IN",
        "sunrise": 1687652069,
        "sunset": 1687698489
    },
    "timezone": 19800,
    "id": 1264527,
    "name": "Chennai",
    "cod": 200
}
This is the Validating response step[Denver, Chennai]
]]></system-out>
  </testcase>
</testsuite>